CRITICAL - 2021-03-30 19:17:04 --> Class 'App\Controllers\Bobk\airports\Airports' not found
#0 C:\Users\bob\Documents\PHP_WebSites\codeigniter\ci411\system\CodeIgniter.php(936): App\Controllers\BkTest->otherModule()
#1 C:\Users\bob\Documents\PHP_WebSites\codeigniter\ci411\system\CodeIgniter.php(432): CodeIgniter\CodeIgniter->runController(Object(App\Controllers\BkTest))
#2 C:\Users\bob\Documents\PHP_WebSites\codeigniter\ci411\system\CodeIgniter.php(333): CodeIgniter\CodeIgniter->handleRequest(NULL, Object(Config\Cache), false)
#3 C:\Users\bob\Documents\PHP_WebSites\codeigniter\ci411\public\index.php(44): CodeIgniter\CodeIgniter->run()
#4 {main}
CRITICAL - 2021-03-30 19:17:32 --> Class 'Bobk\airports\Airports' not found
#0 C:\Users\bob\Documents\PHP_WebSites\codeigniter\ci411\system\CodeIgniter.php(936): App\Controllers\BkTest->otherModule()
#1 C:\Users\bob\Documents\PHP_WebSites\codeigniter\ci411\system\CodeIgniter.php(432): CodeIgniter\CodeIgniter->runController(Object(App\Controllers\BkTest))
#2 C:\Users\bob\Documents\PHP_WebSites\codeigniter\ci411\system\CodeIgniter.php(333): CodeIgniter\CodeIgniter->handleRequest(NULL, Object(Config\Cache), false)
#3 C:\Users\bob\Documents\PHP_WebSites\codeigniter\ci411\public\index.php(44): CodeIgniter\CodeIgniter->run()
#4 {main}
CRITICAL - 2021-03-30 19:19:47 --> Invalid file: Bobk\airports\views\orig_index.php
#0 C:\Users\bob\Documents\PHP_WebSites\codeigniter\ci411\system\View\View.php(205): CodeIgniter\Exceptions\FrameworkException::forInvalidFile('Bobk\\airports\\v...')
#1 C:\Users\bob\Documents\PHP_WebSites\codeigniter\ci411\system\Common.php(1217): CodeIgniter\View\View->render('Bobk\\airports\\v...', Array, true)
#2 C:\Users\bob\Documents\PHP_WebSites\codeigniter\ci411\Bobk\airports\controllers\Airports.php(82): view('Bobk\\airports\\v...', Array)
#3 C:\Users\bob\Documents\PHP_WebSites\codeigniter\ci411\app\Controllers\BkTest.php(23): Bobk\Airports\controllers\Airports->index()
#4 C:\Users\bob\Documents\PHP_WebSites\codeigniter\ci411\system\CodeIgniter.php(936): App\Controllers\BkTest->otherModule()
#5 C:\Users\bob\Documents\PHP_WebSites\codeigniter\ci411\system\CodeIgniter.php(432): CodeIgniter\CodeIgniter->runController(Object(App\Controllers\BkTest))
#6 C:\Users\bob\Documents\PHP_WebSites\codeigniter\ci411\system\CodeIgniter.php(333): CodeIgniter\CodeIgniter->handleRequest(NULL, Object(Config\Cache), false)
#7 C:\Users\bob\Documents\PHP_WebSites\codeigniter\ci411\public\index.php(44): CodeIgniter\CodeIgniter->run()
#8 {main}
