CRITICAL - 2021-03-29 13:13:35 --> Undefined property: Bobk\Airports\controllers\Airports::$Airport_model
#0 C:\Users\bob\Documents\PHP_WebSites\codeigniter\ci411\Bobk\airports\controllers\Airports.php(85): CodeIgniter\Debug\Exceptions->errorHandler(8, 'Undefined prope...', 'C:\\Users\\bob\\Do...', 85, Array)
#1 C:\Users\bob\Documents\PHP_WebSites\codeigniter\ci411\system\CodeIgniter.php(936): Bobk\Airports\controllers\Airports->index()
#2 C:\Users\bob\Documents\PHP_WebSites\codeigniter\ci411\system\CodeIgniter.php(432): CodeIgniter\CodeIgniter->runController(Object(Bobk\Airports\controllers\Airports))
#3 C:\Users\bob\Documents\PHP_WebSites\codeigniter\ci411\system\CodeIgniter.php(333): CodeIgniter\CodeIgniter->handleRequest(NULL, Object(Config\Cache), false)
#4 C:\Users\bob\Documents\PHP_WebSites\codeigniter\ci411\public\index.php(44): CodeIgniter\CodeIgniter->run()
#5 {main}
CRITICAL - 2021-03-29 13:24:12 --> Class 'Bobk\Airports\controllers\Airport_Model' not found
#0 C:\Users\bob\Documents\PHP_WebSites\codeigniter\ci411\system\CodeIgniter.php(936): Bobk\Airports\controllers\Airports->index()
#1 C:\Users\bob\Documents\PHP_WebSites\codeigniter\ci411\system\CodeIgniter.php(432): CodeIgniter\CodeIgniter->runController(Object(Bobk\Airports\controllers\Airports))
#2 C:\Users\bob\Documents\PHP_WebSites\codeigniter\ci411\system\CodeIgniter.php(333): CodeIgniter\CodeIgniter->handleRequest(NULL, Object(Config\Cache), false)
#3 C:\Users\bob\Documents\PHP_WebSites\codeigniter\ci411\public\index.php(44): CodeIgniter\CodeIgniter->run()
#4 {main}
CRITICAL - 2021-03-29 13:25:28 --> Class 'App\Models\Airport_Model' not found
#0 C:\Users\bob\Documents\PHP_WebSites\codeigniter\ci411\system\CodeIgniter.php(936): Bobk\Airports\controllers\Airports->index()
#1 C:\Users\bob\Documents\PHP_WebSites\codeigniter\ci411\system\CodeIgniter.php(432): CodeIgniter\CodeIgniter->runController(Object(Bobk\Airports\controllers\Airports))
#2 C:\Users\bob\Documents\PHP_WebSites\codeigniter\ci411\system\CodeIgniter.php(333): CodeIgniter\CodeIgniter->handleRequest(NULL, Object(Config\Cache), false)
#3 C:\Users\bob\Documents\PHP_WebSites\codeigniter\ci411\public\index.php(44): CodeIgniter\CodeIgniter->run()
#4 {main}
CRITICAL - 2021-03-29 13:25:49 --> Class 'Bobk\Airports\models\CIDbModel' not found
#0 C:\Users\bob\Documents\PHP_WebSites\codeigniter\ci411\system\Autoloader\Autoloader.php(294): include_once()
#1 C:\Users\bob\Documents\PHP_WebSites\codeigniter\ci411\system\Autoloader\Autoloader.php(265): CodeIgniter\Autoloader\Autoloader->includeFile('C:\\Users\\bob\\Do...')
#2 C:\Users\bob\Documents\PHP_WebSites\codeigniter\ci411\system\Autoloader\Autoloader.php(228): CodeIgniter\Autoloader\Autoloader->loadInNamespace('Bobk\\Airports\\m...')
#3 [internal function]: CodeIgniter\Autoloader\Autoloader->loadClass('Bobk\\Airports\\m...')
#4 C:\Users\bob\Documents\PHP_WebSites\codeigniter\ci411\Bobk\airports\controllers\Airports.php(75): spl_autoload_call('Bobk\\Airports\\m...')
#5 C:\Users\bob\Documents\PHP_WebSites\codeigniter\ci411\system\CodeIgniter.php(936): Bobk\Airports\controllers\Airports->index()
#6 C:\Users\bob\Documents\PHP_WebSites\codeigniter\ci411\system\CodeIgniter.php(432): CodeIgniter\CodeIgniter->runController(Object(Bobk\Airports\controllers\Airports))
#7 C:\Users\bob\Documents\PHP_WebSites\codeigniter\ci411\system\CodeIgniter.php(333): CodeIgniter\CodeIgniter->handleRequest(NULL, Object(Config\Cache), false)
#8 C:\Users\bob\Documents\PHP_WebSites\codeigniter\ci411\public\index.php(44): CodeIgniter\CodeIgniter->run()
#9 {main}
CRITICAL - 2021-03-29 13:26:12 --> Class 'Bobk\Airports\models\Model' not found
#0 C:\Users\bob\Documents\PHP_WebSites\codeigniter\ci411\system\Autoloader\Autoloader.php(294): include_once()
#1 C:\Users\bob\Documents\PHP_WebSites\codeigniter\ci411\system\Autoloader\Autoloader.php(265): CodeIgniter\Autoloader\Autoloader->includeFile('C:\\Users\\bob\\Do...')
#2 C:\Users\bob\Documents\PHP_WebSites\codeigniter\ci411\system\Autoloader\Autoloader.php(228): CodeIgniter\Autoloader\Autoloader->loadInNamespace('Bobk\\Airports\\m...')
#3 [internal function]: CodeIgniter\Autoloader\Autoloader->loadClass('Bobk\\Airports\\m...')
#4 C:\Users\bob\Documents\PHP_WebSites\codeigniter\ci411\Bobk\airports\controllers\Airports.php(75): spl_autoload_call('Bobk\\Airports\\m...')
#5 C:\Users\bob\Documents\PHP_WebSites\codeigniter\ci411\system\CodeIgniter.php(936): Bobk\Airports\controllers\Airports->index()
#6 C:\Users\bob\Documents\PHP_WebSites\codeigniter\ci411\system\CodeIgniter.php(432): CodeIgniter\CodeIgniter->runController(Object(Bobk\Airports\controllers\Airports))
#7 C:\Users\bob\Documents\PHP_WebSites\codeigniter\ci411\system\CodeIgniter.php(333): CodeIgniter\CodeIgniter->handleRequest(NULL, Object(Config\Cache), false)
#8 C:\Users\bob\Documents\PHP_WebSites\codeigniter\ci411\public\index.php(44): CodeIgniter\CodeIgniter->run()
#9 {main}
CRITICAL - 2021-03-29 13:31:08 --> Class 'Bobk\Airports\models\Codeigniter\Model' not found
#0 C:\Users\bob\Documents\PHP_WebSites\codeigniter\ci411\system\Autoloader\Autoloader.php(294): include_once()
#1 C:\Users\bob\Documents\PHP_WebSites\codeigniter\ci411\system\Autoloader\Autoloader.php(265): CodeIgniter\Autoloader\Autoloader->includeFile('C:\\Users\\bob\\Do...')
#2 C:\Users\bob\Documents\PHP_WebSites\codeigniter\ci411\system\Autoloader\Autoloader.php(228): CodeIgniter\Autoloader\Autoloader->loadInNamespace('Bobk\\Airports\\m...')
#3 [internal function]: CodeIgniter\Autoloader\Autoloader->loadClass('Bobk\\Airports\\m...')
#4 C:\Users\bob\Documents\PHP_WebSites\codeigniter\ci411\Bobk\airports\controllers\Airports.php(75): spl_autoload_call('Bobk\\Airports\\m...')
#5 C:\Users\bob\Documents\PHP_WebSites\codeigniter\ci411\system\CodeIgniter.php(936): Bobk\Airports\controllers\Airports->index()
#6 C:\Users\bob\Documents\PHP_WebSites\codeigniter\ci411\system\CodeIgniter.php(432): CodeIgniter\CodeIgniter->runController(Object(Bobk\Airports\controllers\Airports))
#7 C:\Users\bob\Documents\PHP_WebSites\codeigniter\ci411\system\CodeIgniter.php(333): CodeIgniter\CodeIgniter->handleRequest(NULL, Object(Config\Cache), false)
#8 C:\Users\bob\Documents\PHP_WebSites\codeigniter\ci411\public\index.php(44): CodeIgniter\CodeIgniter->run()
#9 {main}
CRITICAL - 2021-03-29 13:31:24 --> Class 'Codeigniter\Model' not found
#0 C:\Users\bob\Documents\PHP_WebSites\codeigniter\ci411\system\Autoloader\Autoloader.php(294): include_once()
#1 C:\Users\bob\Documents\PHP_WebSites\codeigniter\ci411\system\Autoloader\Autoloader.php(265): CodeIgniter\Autoloader\Autoloader->includeFile('C:\\Users\\bob\\Do...')
#2 C:\Users\bob\Documents\PHP_WebSites\codeigniter\ci411\system\Autoloader\Autoloader.php(228): CodeIgniter\Autoloader\Autoloader->loadInNamespace('Bobk\\Airports\\m...')
#3 [internal function]: CodeIgniter\Autoloader\Autoloader->loadClass('Bobk\\Airports\\m...')
#4 C:\Users\bob\Documents\PHP_WebSites\codeigniter\ci411\Bobk\airports\controllers\Airports.php(75): spl_autoload_call('Bobk\\Airports\\m...')
#5 C:\Users\bob\Documents\PHP_WebSites\codeigniter\ci411\system\CodeIgniter.php(936): Bobk\Airports\controllers\Airports->index()
#6 C:\Users\bob\Documents\PHP_WebSites\codeigniter\ci411\system\CodeIgniter.php(432): CodeIgniter\CodeIgniter->runController(Object(Bobk\Airports\controllers\Airports))
#7 C:\Users\bob\Documents\PHP_WebSites\codeigniter\ci411\system\CodeIgniter.php(333): CodeIgniter\CodeIgniter->handleRequest(NULL, Object(Config\Cache), false)
#8 C:\Users\bob\Documents\PHP_WebSites\codeigniter\ci411\public\index.php(44): CodeIgniter\CodeIgniter->run()
#9 {main}
CRITICAL - 2021-03-29 13:33:12 --> Undefined property: Bobk\Airports\controllers\Airports::$Airport_model
#0 C:\Users\bob\Documents\PHP_WebSites\codeigniter\ci411\Bobk\airports\controllers\Airports.php(77): CodeIgniter\Debug\Exceptions->errorHandler(8, 'Undefined prope...', 'C:\\Users\\bob\\Do...', 77, Array)
#1 C:\Users\bob\Documents\PHP_WebSites\codeigniter\ci411\system\CodeIgniter.php(936): Bobk\Airports\controllers\Airports->index()
#2 C:\Users\bob\Documents\PHP_WebSites\codeigniter\ci411\system\CodeIgniter.php(432): CodeIgniter\CodeIgniter->runController(Object(Bobk\Airports\controllers\Airports))
#3 C:\Users\bob\Documents\PHP_WebSites\codeigniter\ci411\system\CodeIgniter.php(333): CodeIgniter\CodeIgniter->handleRequest(NULL, Object(Config\Cache), false)
#4 C:\Users\bob\Documents\PHP_WebSites\codeigniter\ci411\public\index.php(44): CodeIgniter\CodeIgniter->run()
#5 {main}
CRITICAL - 2021-03-29 13:39:36 --> syntax error, unexpected '->' (T_OBJECT_OPERATOR)
#0 C:\Users\bob\Documents\PHP_WebSites\codeigniter\ci411\system\Autoloader\Autoloader.php(265): CodeIgniter\Autoloader\Autoloader->includeFile('C:\\Users\\bob\\Do...')
#1 C:\Users\bob\Documents\PHP_WebSites\codeigniter\ci411\system\Autoloader\Autoloader.php(228): CodeIgniter\Autoloader\Autoloader->loadInNamespace('Bobk\\airports\\C...')
#2 [internal function]: CodeIgniter\Autoloader\Autoloader->loadClass('Bobk\\airports\\C...')
#3 [internal function]: spl_autoload_call('Bobk\\airports\\C...')
#4 C:\Users\bob\Documents\PHP_WebSites\codeigniter\ci411\system\CodeIgniter.php(893): class_exists('\\Bobk\\airports\\...', true)
#5 C:\Users\bob\Documents\PHP_WebSites\codeigniter\ci411\system\CodeIgniter.php(417): CodeIgniter\CodeIgniter->startController()
#6 C:\Users\bob\Documents\PHP_WebSites\codeigniter\ci411\system\CodeIgniter.php(333): CodeIgniter\CodeIgniter->handleRequest(NULL, Object(Config\Cache), false)
#7 C:\Users\bob\Documents\PHP_WebSites\codeigniter\ci411\public\index.php(44): CodeIgniter\CodeIgniter->run()
#8 {main}
CRITICAL - 2021-03-29 13:39:56 --> Invalid file: Bobk\Airports\views\index.php
#0 C:\Users\bob\Documents\PHP_WebSites\codeigniter\ci411\system\View\View.php(203): CodeIgniter\Exceptions\FrameworkException::forInvalidFile('Bobk\\Airports\\v...')
#1 C:\Users\bob\Documents\PHP_WebSites\codeigniter\ci411\system\Common.php(1217): CodeIgniter\View\View->render('Bobk\\Airports\\v...', Array, true)
#2 C:\Users\bob\Documents\PHP_WebSites\codeigniter\ci411\Bobk\airports\controllers\Airports.php(82): view('Bobk\\Airports\\v...', Array)
#3 C:\Users\bob\Documents\PHP_WebSites\codeigniter\ci411\system\CodeIgniter.php(936): Bobk\Airports\controllers\Airports->index()
#4 C:\Users\bob\Documents\PHP_WebSites\codeigniter\ci411\system\CodeIgniter.php(432): CodeIgniter\CodeIgniter->runController(Object(Bobk\Airports\controllers\Airports))
#5 C:\Users\bob\Documents\PHP_WebSites\codeigniter\ci411\system\CodeIgniter.php(333): CodeIgniter\CodeIgniter->handleRequest(NULL, Object(Config\Cache), false)
#6 C:\Users\bob\Documents\PHP_WebSites\codeigniter\ci411\public\index.php(44): CodeIgniter\CodeIgniter->run()
#7 {main}
CRITICAL - 2021-03-29 13:42:43 --> Invalid file: Bobk\Airports\views\index.php
#0 C:\Users\bob\Documents\PHP_WebSites\codeigniter\ci411\system\View\View.php(203): CodeIgniter\Exceptions\FrameworkException::forInvalidFile('Bobk\\Airports\\v...')
#1 C:\Users\bob\Documents\PHP_WebSites\codeigniter\ci411\system\Common.php(1217): CodeIgniter\View\View->render('Bobk\\Airports\\v...', Array, true)
#2 C:\Users\bob\Documents\PHP_WebSites\codeigniter\ci411\Bobk\airports\controllers\Airports.php(82): view('Bobk\\Airports\\v...', Array)
#3 C:\Users\bob\Documents\PHP_WebSites\codeigniter\ci411\system\CodeIgniter.php(936): Bobk\Airports\controllers\Airports->index()
#4 C:\Users\bob\Documents\PHP_WebSites\codeigniter\ci411\system\CodeIgniter.php(432): CodeIgniter\CodeIgniter->runController(Object(Bobk\Airports\controllers\Airports))
#5 C:\Users\bob\Documents\PHP_WebSites\codeigniter\ci411\system\CodeIgniter.php(333): CodeIgniter\CodeIgniter->handleRequest(NULL, Object(Config\Cache), false)
#6 C:\Users\bob\Documents\PHP_WebSites\codeigniter\ci411\public\index.php(44): CodeIgniter\CodeIgniter->run()
#7 {main}
CRITICAL - 2021-03-29 13:42:49 --> Cannot call constructor
#0 C:\Users\bob\Documents\PHP_WebSites\codeigniter\ci411\system\CodeIgniter.php(908): Bobk\Airports\controllers\Airports->__construct()
#1 C:\Users\bob\Documents\PHP_WebSites\codeigniter\ci411\system\CodeIgniter.php(422): CodeIgniter\CodeIgniter->createController()
#2 C:\Users\bob\Documents\PHP_WebSites\codeigniter\ci411\system\CodeIgniter.php(333): CodeIgniter\CodeIgniter->handleRequest(NULL, Object(Config\Cache), false)
#3 C:\Users\bob\Documents\PHP_WebSites\codeigniter\ci411\public\index.php(44): CodeIgniter\CodeIgniter->run()
#4 {main}
CRITICAL - 2021-03-29 13:43:35 --> Invalid file: Bobk\Airports\views\index.php
#0 C:\Users\bob\Documents\PHP_WebSites\codeigniter\ci411\system\View\View.php(203): CodeIgniter\Exceptions\FrameworkException::forInvalidFile('Bobk\\Airports\\v...')
#1 C:\Users\bob\Documents\PHP_WebSites\codeigniter\ci411\system\Common.php(1217): CodeIgniter\View\View->render('Bobk\\Airports\\v...', Array, true)
#2 C:\Users\bob\Documents\PHP_WebSites\codeigniter\ci411\Bobk\airports\controllers\Airports.php(82): view('Bobk\\Airports\\v...', Array)
#3 C:\Users\bob\Documents\PHP_WebSites\codeigniter\ci411\system\CodeIgniter.php(936): Bobk\Airports\controllers\Airports->index()
#4 C:\Users\bob\Documents\PHP_WebSites\codeigniter\ci411\system\CodeIgniter.php(432): CodeIgniter\CodeIgniter->runController(Object(Bobk\Airports\controllers\Airports))
#5 C:\Users\bob\Documents\PHP_WebSites\codeigniter\ci411\system\CodeIgniter.php(333): CodeIgniter\CodeIgniter->handleRequest(NULL, Object(Config\Cache), false)
#6 C:\Users\bob\Documents\PHP_WebSites\codeigniter\ci411\public\index.php(44): CodeIgniter\CodeIgniter->run()
#7 {main}
CRITICAL - 2021-03-29 13:45:44 --> Invalid file: Bobk\Airports\views\index.php
#0 C:\Users\bob\Documents\PHP_WebSites\codeigniter\ci411\system\View\View.php(203): CodeIgniter\Exceptions\FrameworkException::forInvalidFile('Bobk\\Airports\\v...')
#1 C:\Users\bob\Documents\PHP_WebSites\codeigniter\ci411\system\Common.php(1217): CodeIgniter\View\View->render('Bobk\\Airports\\v...', Array, true)
#2 C:\Users\bob\Documents\PHP_WebSites\codeigniter\ci411\Bobk\airports\controllers\Airports.php(82): view('Bobk\\Airports\\v...', Array)
#3 C:\Users\bob\Documents\PHP_WebSites\codeigniter\ci411\system\CodeIgniter.php(936): Bobk\Airports\controllers\Airports->index()
#4 C:\Users\bob\Documents\PHP_WebSites\codeigniter\ci411\system\CodeIgniter.php(432): CodeIgniter\CodeIgniter->runController(Object(Bobk\Airports\controllers\Airports))
#5 C:\Users\bob\Documents\PHP_WebSites\codeigniter\ci411\system\CodeIgniter.php(333): CodeIgniter\CodeIgniter->handleRequest(NULL, Object(Config\Cache), false)
#6 C:\Users\bob\Documents\PHP_WebSites\codeigniter\ci411\public\index.php(44): CodeIgniter\CodeIgniter->run()
#7 {main}
CRITICAL - 2021-03-29 13:46:10 --> Invalid file: \Bobk\Airports\views\index.php
#0 C:\Users\bob\Documents\PHP_WebSites\codeigniter\ci411\system\View\View.php(203): CodeIgniter\Exceptions\FrameworkException::forInvalidFile('\\Bobk\\Airports\\...')
#1 C:\Users\bob\Documents\PHP_WebSites\codeigniter\ci411\system\Common.php(1217): CodeIgniter\View\View->render('\\Bobk\\Airports\\...', Array, true)
#2 C:\Users\bob\Documents\PHP_WebSites\codeigniter\ci411\Bobk\airports\controllers\Airports.php(82): view('\\Bobk\\Airports\\...', Array)
#3 C:\Users\bob\Documents\PHP_WebSites\codeigniter\ci411\system\CodeIgniter.php(936): Bobk\Airports\controllers\Airports->index()
#4 C:\Users\bob\Documents\PHP_WebSites\codeigniter\ci411\system\CodeIgniter.php(432): CodeIgniter\CodeIgniter->runController(Object(Bobk\Airports\controllers\Airports))
#5 C:\Users\bob\Documents\PHP_WebSites\codeigniter\ci411\system\CodeIgniter.php(333): CodeIgniter\CodeIgniter->handleRequest(NULL, Object(Config\Cache), false)
#6 C:\Users\bob\Documents\PHP_WebSites\codeigniter\ci411\public\index.php(44): CodeIgniter\CodeIgniter->run()
#7 {main}
CRITICAL - 2021-03-29 13:50:40 --> Invalid file: \Bobk\Airports\views\index.php
#0 C:\Users\bob\Documents\PHP_WebSites\codeigniter\ci411\system\View\View.php(203): CodeIgniter\Exceptions\FrameworkException::forInvalidFile('\\Bobk\\Airports\\...')
#1 C:\Users\bob\Documents\PHP_WebSites\codeigniter\ci411\system\Common.php(1217): CodeIgniter\View\View->render('\\Bobk\\Airports\\...', Array, true)
#2 C:\Users\bob\Documents\PHP_WebSites\codeigniter\ci411\Bobk\airports\controllers\Airports.php(82): view('\\Bobk\\Airports\\...', Array)
#3 C:\Users\bob\Documents\PHP_WebSites\codeigniter\ci411\system\CodeIgniter.php(936): Bobk\Airports\controllers\Airports->index()
#4 C:\Users\bob\Documents\PHP_WebSites\codeigniter\ci411\system\CodeIgniter.php(432): CodeIgniter\CodeIgniter->runController(Object(Bobk\Airports\controllers\Airports))
#5 C:\Users\bob\Documents\PHP_WebSites\codeigniter\ci411\system\CodeIgniter.php(333): CodeIgniter\CodeIgniter->handleRequest(NULL, Object(Config\Cache), false)
#6 C:\Users\bob\Documents\PHP_WebSites\codeigniter\ci411\public\index.php(44): CodeIgniter\CodeIgniter->run()
#7 {main}
CRITICAL - 2021-03-29 13:56:20 --> Invalid file: \Bobk\Airports\views\index.php
#0 C:\Users\bob\Documents\PHP_WebSites\codeigniter\ci411\system\View\View.php(203): CodeIgniter\Exceptions\FrameworkException::forInvalidFile('\\Bobk\\Airports\\...')
#1 C:\Users\bob\Documents\PHP_WebSites\codeigniter\ci411\system\Common.php(1217): CodeIgniter\View\View->render('\\Bobk\\Airports\\...', Array, true)
#2 C:\Users\bob\Documents\PHP_WebSites\codeigniter\ci411\Bobk\airports\controllers\Airports.php(82): view('\\Bobk\\Airports\\...', Array)
#3 C:\Users\bob\Documents\PHP_WebSites\codeigniter\ci411\system\CodeIgniter.php(936): Bobk\Airports\controllers\Airports->index()
#4 C:\Users\bob\Documents\PHP_WebSites\codeigniter\ci411\system\CodeIgniter.php(432): CodeIgniter\CodeIgniter->runController(Object(Bobk\Airports\controllers\Airports))
#5 C:\Users\bob\Documents\PHP_WebSites\codeigniter\ci411\system\CodeIgniter.php(333): CodeIgniter\CodeIgniter->handleRequest(NULL, Object(Config\Cache), false)
#6 C:\Users\bob\Documents\PHP_WebSites\codeigniter\ci411\public\index.php(44): CodeIgniter\CodeIgniter->run()
#7 {main}
CRITICAL - 2021-03-29 14:20:41 --> Invalid file: \Bobk\Airports\views\index.php
#0 C:\Users\bob\Documents\PHP_WebSites\codeigniter\ci411\system\View\View.php(203): CodeIgniter\Exceptions\FrameworkException::forInvalidFile('\\Bobk\\Airports\\...')
#1 C:\Users\bob\Documents\PHP_WebSites\codeigniter\ci411\system\Common.php(1217): CodeIgniter\View\View->render('\\Bobk\\Airports\\...', Array, true)
#2 C:\Users\bob\Documents\PHP_WebSites\codeigniter\ci411\Bobk\airports\controllers\Airports.php(82): view('\\Bobk\\Airports\\...', Array)
#3 C:\Users\bob\Documents\PHP_WebSites\codeigniter\ci411\system\CodeIgniter.php(936): Bobk\Airports\controllers\Airports->index()
#4 C:\Users\bob\Documents\PHP_WebSites\codeigniter\ci411\system\CodeIgniter.php(432): CodeIgniter\CodeIgniter->runController(Object(Bobk\Airports\controllers\Airports))
#5 C:\Users\bob\Documents\PHP_WebSites\codeigniter\ci411\system\CodeIgniter.php(333): CodeIgniter\CodeIgniter->handleRequest(NULL, Object(Config\Cache), false)
#6 C:\Users\bob\Documents\PHP_WebSites\codeigniter\ci411\public\index.php(44): CodeIgniter\CodeIgniter->run()
#7 {main}
CRITICAL - 2021-03-29 14:29:01 --> Invalid file: \Bobk\airports\views\index.php
#0 C:\Users\bob\Documents\PHP_WebSites\codeigniter\ci411\system\View\View.php(203): CodeIgniter\Exceptions\FrameworkException::forInvalidFile('\\Bobk\\airports\\...')
#1 C:\Users\bob\Documents\PHP_WebSites\codeigniter\ci411\system\Common.php(1217): CodeIgniter\View\View->render('\\Bobk\\airports\\...', Array, true)
#2 C:\Users\bob\Documents\PHP_WebSites\codeigniter\ci411\Bobk\airports\controllers\Airports.php(82): view('\\Bobk\\airports\\...', Array)
#3 C:\Users\bob\Documents\PHP_WebSites\codeigniter\ci411\system\CodeIgniter.php(936): Bobk\Airports\controllers\Airports->index()
#4 C:\Users\bob\Documents\PHP_WebSites\codeigniter\ci411\system\CodeIgniter.php(432): CodeIgniter\CodeIgniter->runController(Object(Bobk\Airports\controllers\Airports))
#5 C:\Users\bob\Documents\PHP_WebSites\codeigniter\ci411\system\CodeIgniter.php(333): CodeIgniter\CodeIgniter->handleRequest(NULL, Object(Config\Cache), false)
#6 C:\Users\bob\Documents\PHP_WebSites\codeigniter\ci411\public\index.php(44): CodeIgniter\CodeIgniter->run()
#7 {main}
CRITICAL - 2021-03-29 15:14:03 --> Invalid file: \Bobk\airports\views\index.php
#0 C:\Users\bob\Documents\PHP_WebSites\codeigniter\ci411\system\View\View.php(203): CodeIgniter\Exceptions\FrameworkException::forInvalidFile('\\Bobk\\airports\\...')
#1 C:\Users\bob\Documents\PHP_WebSites\codeigniter\ci411\system\Common.php(1217): CodeIgniter\View\View->render('\\Bobk\\airports\\...', Array, true)
#2 C:\Users\bob\Documents\PHP_WebSites\codeigniter\ci411\Bobk\airports\controllers\Airports.php(82): view('\\Bobk\\airports\\...', Array)
#3 C:\Users\bob\Documents\PHP_WebSites\codeigniter\ci411\system\CodeIgniter.php(936): Bobk\Airports\controllers\Airports->index()
#4 C:\Users\bob\Documents\PHP_WebSites\codeigniter\ci411\system\CodeIgniter.php(432): CodeIgniter\CodeIgniter->runController(Object(Bobk\Airports\controllers\Airports))
#5 C:\Users\bob\Documents\PHP_WebSites\codeigniter\ci411\system\CodeIgniter.php(333): CodeIgniter\CodeIgniter->handleRequest(NULL, Object(Config\Cache), false)
#6 C:\Users\bob\Documents\PHP_WebSites\codeigniter\ci411\public\index.php(44): CodeIgniter\CodeIgniter->run()
#7 {main}
CRITICAL - 2021-03-29 15:30:39 --> Invalid file: \Bobk\airports\views\index.php
#0 C:\Users\bob\Documents\PHP_WebSites\codeigniter\ci411\system\View\View.php(203): CodeIgniter\Exceptions\FrameworkException::forInvalidFile('\\Bobk\\airports\\...')
#1 C:\Users\bob\Documents\PHP_WebSites\codeigniter\ci411\system\Common.php(1217): CodeIgniter\View\View->render('\\Bobk\\airports\\...', Array, true)
#2 C:\Users\bob\Documents\PHP_WebSites\codeigniter\ci411\Bobk\airports\controllers\Airports.php(82): view('\\Bobk\\airports\\...', Array)
#3 C:\Users\bob\Documents\PHP_WebSites\codeigniter\ci411\system\CodeIgniter.php(936): Bobk\Airports\controllers\Airports->index()
#4 C:\Users\bob\Documents\PHP_WebSites\codeigniter\ci411\system\CodeIgniter.php(432): CodeIgniter\CodeIgniter->runController(Object(Bobk\Airports\controllers\Airports))
#5 C:\Users\bob\Documents\PHP_WebSites\codeigniter\ci411\system\CodeIgniter.php(333): CodeIgniter\CodeIgniter->handleRequest(NULL, Object(Config\Cache), false)
#6 C:\Users\bob\Documents\PHP_WebSites\codeigniter\ci411\public\index.php(44): CodeIgniter\CodeIgniter->run()
#7 {main}
CRITICAL - 2021-03-29 15:32:33 --> Invalid file: \Bobk\airports\views\index.php
#0 C:\Users\bob\Documents\PHP_WebSites\codeigniter\ci411\system\View\View.php(203): CodeIgniter\Exceptions\FrameworkException::forInvalidFile('\\Bobk\\airports\\...')
#1 C:\Users\bob\Documents\PHP_WebSites\codeigniter\ci411\system\Common.php(1217): CodeIgniter\View\View->render('\\Bobk\\airports\\...', Array, true)
#2 C:\Users\bob\Documents\PHP_WebSites\codeigniter\ci411\Bobk\airports\controllers\Airports.php(82): view('\\Bobk\\airports\\...', Array)
#3 C:\Users\bob\Documents\PHP_WebSites\codeigniter\ci411\system\CodeIgniter.php(936): Bobk\Airports\controllers\Airports->index()
#4 C:\Users\bob\Documents\PHP_WebSites\codeigniter\ci411\system\CodeIgniter.php(432): CodeIgniter\CodeIgniter->runController(Object(Bobk\Airports\controllers\Airports))
#5 C:\Users\bob\Documents\PHP_WebSites\codeigniter\ci411\system\CodeIgniter.php(333): CodeIgniter\CodeIgniter->handleRequest(NULL, Object(Config\Cache), false)
#6 C:\Users\bob\Documents\PHP_WebSites\codeigniter\ci411\public\index.php(44): CodeIgniter\CodeIgniter->run()
#7 {main}
CRITICAL - 2021-03-29 17:45:19 --> Argument 2 passed to view() must be of the type array, string given, called in C:\Users\bob\Documents\PHP_WebSites\codeigniter\ci411\Bobk\airports\controllers\Airports.php on line 226
#0 C:\Users\bob\Documents\PHP_WebSites\codeigniter\ci411\Bobk\airports\controllers\Airports.php(226): view('Bobk\\airports\\v...', 'Module View')
#1 C:\Users\bob\Documents\PHP_WebSites\codeigniter\ci411\system\CodeIgniter.php(936): Bobk\Airports\controllers\Airports->moduleTest()
#2 C:\Users\bob\Documents\PHP_WebSites\codeigniter\ci411\system\CodeIgniter.php(432): CodeIgniter\CodeIgniter->runController(Object(Bobk\Airports\controllers\Airports))
#3 C:\Users\bob\Documents\PHP_WebSites\codeigniter\ci411\system\CodeIgniter.php(333): CodeIgniter\CodeIgniter->handleRequest(NULL, Object(Config\Cache), false)
#4 C:\Users\bob\Documents\PHP_WebSites\codeigniter\ci411\public\index.php(44): CodeIgniter\CodeIgniter->run()
#5 {main}
CRITICAL - 2021-03-29 18:26:12 --> Invalid file: Bobk\airports\views\moduleTest.php
#0 C:\Users\bob\Documents\PHP_WebSites\codeigniter\ci411\system\View\View.php(204): CodeIgniter\Exceptions\FrameworkException::forInvalidFile('Bobk\\airports\\v...')
#1 C:\Users\bob\Documents\PHP_WebSites\codeigniter\ci411\system\Common.php(1217): CodeIgniter\View\View->render('Bobk\\airports\\v...', Array, true)
#2 C:\Users\bob\Documents\PHP_WebSites\codeigniter\ci411\Bobk\airports\controllers\Airports.php(227): view('Bobk\\airports\\v...', Array)
#3 C:\Users\bob\Documents\PHP_WebSites\codeigniter\ci411\system\CodeIgniter.php(936): Bobk\Airports\controllers\Airports->moduleTest()
#4 C:\Users\bob\Documents\PHP_WebSites\codeigniter\ci411\system\CodeIgniter.php(432): CodeIgniter\CodeIgniter->runController(Object(Bobk\Airports\controllers\Airports))
#5 C:\Users\bob\Documents\PHP_WebSites\codeigniter\ci411\system\CodeIgniter.php(333): CodeIgniter\CodeIgniter->handleRequest(NULL, Object(Config\Cache), false)
#6 C:\Users\bob\Documents\PHP_WebSites\codeigniter\ci411\public\index.php(44): CodeIgniter\CodeIgniter->run()
#7 {main}
CRITICAL - 2021-03-29 18:26:39 --> Invalid file: Bobk\airports\views\moduleTest.php
#0 C:\Users\bob\Documents\PHP_WebSites\codeigniter\ci411\system\View\View.php(204): CodeIgniter\Exceptions\FrameworkException::forInvalidFile('Bobk\\airports\\v...')
#1 C:\Users\bob\Documents\PHP_WebSites\codeigniter\ci411\system\Common.php(1217): CodeIgniter\View\View->render('Bobk\\airports\\v...', Array, true)
#2 C:\Users\bob\Documents\PHP_WebSites\codeigniter\ci411\Bobk\airports\controllers\Airports.php(227): view('Bobk\\airports\\v...', Array)
#3 C:\Users\bob\Documents\PHP_WebSites\codeigniter\ci411\system\CodeIgniter.php(936): Bobk\Airports\controllers\Airports->moduleTest()
#4 C:\Users\bob\Documents\PHP_WebSites\codeigniter\ci411\system\CodeIgniter.php(432): CodeIgniter\CodeIgniter->runController(Object(Bobk\Airports\controllers\Airports))
#5 C:\Users\bob\Documents\PHP_WebSites\codeigniter\ci411\system\CodeIgniter.php(333): CodeIgniter\CodeIgniter->handleRequest(NULL, Object(Config\Cache), false)
#6 C:\Users\bob\Documents\PHP_WebSites\codeigniter\ci411\public\index.php(44): CodeIgniter\CodeIgniter->run()
#7 {main}
CRITICAL - 2021-03-29 18:43:37 --> Invalid file: Bobk\airports\views\moduleTest.php
#0 C:\Users\bob\Documents\PHP_WebSites\codeigniter\ci411\system\View\View.php(204): CodeIgniter\Exceptions\FrameworkException::forInvalidFile('Bobk\\airports\\v...')
#1 C:\Users\bob\Documents\PHP_WebSites\codeigniter\ci411\system\Common.php(1217): CodeIgniter\View\View->render('Bobk\\airports\\v...', Array, true)
#2 C:\Users\bob\Documents\PHP_WebSites\codeigniter\ci411\Bobk\airports\controllers\Airports.php(227): view('Bobk\\airports\\v...', Array)
#3 C:\Users\bob\Documents\PHP_WebSites\codeigniter\ci411\system\CodeIgniter.php(936): Bobk\Airports\controllers\Airports->moduleTest()
#4 C:\Users\bob\Documents\PHP_WebSites\codeigniter\ci411\system\CodeIgniter.php(432): CodeIgniter\CodeIgniter->runController(Object(Bobk\Airports\controllers\Airports))
#5 C:\Users\bob\Documents\PHP_WebSites\codeigniter\ci411\system\CodeIgniter.php(333): CodeIgniter\CodeIgniter->handleRequest(NULL, Object(Config\Cache), false)
#6 C:\Users\bob\Documents\PHP_WebSites\codeigniter\ci411\public\index.php(44): CodeIgniter\CodeIgniter->run()
#7 {main}
CRITICAL - 2021-03-29 19:37:39 --> Invalid file: Bobk\airports\views\moduleTest.php
#0 C:\Users\bob\Documents\PHP_WebSites\codeigniter\ci411\system\View\View.php(204): CodeIgniter\Exceptions\FrameworkException::forInvalidFile('Bobk\\airports\\v...')
#1 C:\Users\bob\Documents\PHP_WebSites\codeigniter\ci411\system\Common.php(1217): CodeIgniter\View\View->render('Bobk\\airports\\v...', Array, true)
#2 C:\Users\bob\Documents\PHP_WebSites\codeigniter\ci411\Bobk\airports\controllers\Airports.php(227): view('Bobk\\airports\\v...', Array)
#3 C:\Users\bob\Documents\PHP_WebSites\codeigniter\ci411\system\CodeIgniter.php(936): Bobk\Airports\controllers\Airports->moduleTest()
#4 C:\Users\bob\Documents\PHP_WebSites\codeigniter\ci411\system\CodeIgniter.php(432): CodeIgniter\CodeIgniter->runController(Object(Bobk\Airports\controllers\Airports))
#5 C:\Users\bob\Documents\PHP_WebSites\codeigniter\ci411\system\CodeIgniter.php(333): CodeIgniter\CodeIgniter->handleRequest(NULL, Object(Config\Cache), false)
#6 C:\Users\bob\Documents\PHP_WebSites\codeigniter\ci411\public\index.php(44): CodeIgniter\CodeIgniter->run()
#7 {main}
CRITICAL - 2021-03-29 19:40:30 --> Invalid file: moduleTest.php
#0 C:\Users\bob\Documents\PHP_WebSites\codeigniter\ci411\system\View\View.php(205): CodeIgniter\Exceptions\FrameworkException::forInvalidFile('moduleTest.php')
#1 C:\Users\bob\Documents\PHP_WebSites\codeigniter\ci411\system\Common.php(1217): CodeIgniter\View\View->render('moduleTest', Array, true)
#2 C:\Users\bob\Documents\PHP_WebSites\codeigniter\ci411\Bobk\airports\controllers\Airports.php(228): view('moduleTest', Array)
#3 C:\Users\bob\Documents\PHP_WebSites\codeigniter\ci411\system\CodeIgniter.php(936): Bobk\Airports\controllers\Airports->moduleTest()
#4 C:\Users\bob\Documents\PHP_WebSites\codeigniter\ci411\system\CodeIgniter.php(432): CodeIgniter\CodeIgniter->runController(Object(Bobk\Airports\controllers\Airports))
#5 C:\Users\bob\Documents\PHP_WebSites\codeigniter\ci411\system\CodeIgniter.php(333): CodeIgniter\CodeIgniter->handleRequest(NULL, Object(Config\Cache), false)
#6 C:\Users\bob\Documents\PHP_WebSites\codeigniter\ci411\public\index.php(44): CodeIgniter\CodeIgniter->run()
#7 {main}
CRITICAL - 2021-03-29 19:41:20 --> Invalid file: Bob\airports\moduleTest.php
#0 C:\Users\bob\Documents\PHP_WebSites\codeigniter\ci411\system\View\View.php(205): CodeIgniter\Exceptions\FrameworkException::forInvalidFile('Bob\\airports\\mo...')
#1 C:\Users\bob\Documents\PHP_WebSites\codeigniter\ci411\system\Common.php(1217): CodeIgniter\View\View->render('Bob\\airports\\mo...', Array, true)
#2 C:\Users\bob\Documents\PHP_WebSites\codeigniter\ci411\Bobk\airports\controllers\Airports.php(228): view('Bob\\airports\\mo...', Array)
#3 C:\Users\bob\Documents\PHP_WebSites\codeigniter\ci411\system\CodeIgniter.php(936): Bobk\Airports\controllers\Airports->moduleTest()
#4 C:\Users\bob\Documents\PHP_WebSites\codeigniter\ci411\system\CodeIgniter.php(432): CodeIgniter\CodeIgniter->runController(Object(Bobk\Airports\controllers\Airports))
#5 C:\Users\bob\Documents\PHP_WebSites\codeigniter\ci411\system\CodeIgniter.php(333): CodeIgniter\CodeIgniter->handleRequest(NULL, Object(Config\Cache), false)
#6 C:\Users\bob\Documents\PHP_WebSites\codeigniter\ci411\public\index.php(44): CodeIgniter\CodeIgniter->run()
#7 {main}
CRITICAL - 2021-03-29 19:41:55 --> Invalid file: Bobk\airports\moduleTest.php
#0 C:\Users\bob\Documents\PHP_WebSites\codeigniter\ci411\system\View\View.php(205): CodeIgniter\Exceptions\FrameworkException::forInvalidFile('Bobk\\airports\\m...')
#1 C:\Users\bob\Documents\PHP_WebSites\codeigniter\ci411\system\Common.php(1217): CodeIgniter\View\View->render('Bobk\\airports\\m...', Array, true)
#2 C:\Users\bob\Documents\PHP_WebSites\codeigniter\ci411\Bobk\airports\controllers\Airports.php(228): view('Bobk\\airports\\m...', Array)
#3 C:\Users\bob\Documents\PHP_WebSites\codeigniter\ci411\system\CodeIgniter.php(936): Bobk\Airports\controllers\Airports->moduleTest()
#4 C:\Users\bob\Documents\PHP_WebSites\codeigniter\ci411\system\CodeIgniter.php(432): CodeIgniter\CodeIgniter->runController(Object(Bobk\Airports\controllers\Airports))
#5 C:\Users\bob\Documents\PHP_WebSites\codeigniter\ci411\system\CodeIgniter.php(333): CodeIgniter\CodeIgniter->handleRequest(NULL, Object(Config\Cache), false)
#6 C:\Users\bob\Documents\PHP_WebSites\codeigniter\ci411\public\index.php(44): CodeIgniter\CodeIgniter->run()
#7 {main}
CRITICAL - 2021-03-29 19:44:19 --> Invalid file: moduleTest.php
#0 C:\Users\bob\Documents\PHP_WebSites\codeigniter\ci411\system\View\View.php(205): CodeIgniter\Exceptions\FrameworkException::forInvalidFile('moduleTest.php')
#1 C:\Users\bob\Documents\PHP_WebSites\codeigniter\ci411\system\Common.php(1217): CodeIgniter\View\View->render('moduleTest', Array, true)
#2 C:\Users\bob\Documents\PHP_WebSites\codeigniter\ci411\Bobk\airports\controllers\Airports.php(228): view('moduleTest', Array)
#3 C:\Users\bob\Documents\PHP_WebSites\codeigniter\ci411\system\CodeIgniter.php(936): Bobk\Airports\controllers\Airports->moduleTest()
#4 C:\Users\bob\Documents\PHP_WebSites\codeigniter\ci411\system\CodeIgniter.php(432): CodeIgniter\CodeIgniter->runController(Object(Bobk\Airports\controllers\Airports))
#5 C:\Users\bob\Documents\PHP_WebSites\codeigniter\ci411\system\CodeIgniter.php(333): CodeIgniter\CodeIgniter->handleRequest(NULL, Object(Config\Cache), false)
#6 C:\Users\bob\Documents\PHP_WebSites\codeigniter\ci411\public\index.php(44): CodeIgniter\CodeIgniter->run()
#7 {main}
CRITICAL - 2021-03-29 19:45:14 --> Invalid file: Bobk\airports\moduleTest.php
#0 C:\Users\bob\Documents\PHP_WebSites\codeigniter\ci411\system\View\View.php(205): CodeIgniter\Exceptions\FrameworkException::forInvalidFile('Bobk\\airports\\m...')
#1 C:\Users\bob\Documents\PHP_WebSites\codeigniter\ci411\system\Common.php(1217): CodeIgniter\View\View->render('Bobk\\airports\\m...', Array, true)
#2 C:\Users\bob\Documents\PHP_WebSites\codeigniter\ci411\Bobk\airports\controllers\Airports.php(228): view('Bobk\\airports\\m...', Array)
#3 C:\Users\bob\Documents\PHP_WebSites\codeigniter\ci411\system\CodeIgniter.php(936): Bobk\Airports\controllers\Airports->moduleTest()
#4 C:\Users\bob\Documents\PHP_WebSites\codeigniter\ci411\system\CodeIgniter.php(432): CodeIgniter\CodeIgniter->runController(Object(Bobk\Airports\controllers\Airports))
#5 C:\Users\bob\Documents\PHP_WebSites\codeigniter\ci411\system\CodeIgniter.php(333): CodeIgniter\CodeIgniter->handleRequest(NULL, Object(Config\Cache), false)
#6 C:\Users\bob\Documents\PHP_WebSites\codeigniter\ci411\public\index.php(44): CodeIgniter\CodeIgniter->run()
#7 {main}
CRITICAL - 2021-03-29 19:46:03 --> Invalid file: Bobk\moduleTest.php
#0 C:\Users\bob\Documents\PHP_WebSites\codeigniter\ci411\system\View\View.php(205): CodeIgniter\Exceptions\FrameworkException::forInvalidFile('Bobk\\moduleTest...')
#1 C:\Users\bob\Documents\PHP_WebSites\codeigniter\ci411\system\Common.php(1217): CodeIgniter\View\View->render('Bobk\\moduleTest', Array, true)
#2 C:\Users\bob\Documents\PHP_WebSites\codeigniter\ci411\Bobk\airports\controllers\Airports.php(228): view('Bobk\\moduleTest', Array)
#3 C:\Users\bob\Documents\PHP_WebSites\codeigniter\ci411\system\CodeIgniter.php(936): Bobk\Airports\controllers\Airports->moduleTest()
#4 C:\Users\bob\Documents\PHP_WebSites\codeigniter\ci411\system\CodeIgniter.php(432): CodeIgniter\CodeIgniter->runController(Object(Bobk\Airports\controllers\Airports))
#5 C:\Users\bob\Documents\PHP_WebSites\codeigniter\ci411\system\CodeIgniter.php(333): CodeIgniter\CodeIgniter->handleRequest(NULL, Object(Config\Cache), false)
#6 C:\Users\bob\Documents\PHP_WebSites\codeigniter\ci411\public\index.php(44): CodeIgniter\CodeIgniter->run()
#7 {main}
CRITICAL - 2021-03-29 19:46:55 --> Invalid file: Bobk\airports\views\moduleTest.php
#0 C:\Users\bob\Documents\PHP_WebSites\codeigniter\ci411\system\View\View.php(205): CodeIgniter\Exceptions\FrameworkException::forInvalidFile('Bobk\\airports\\v...')
#1 C:\Users\bob\Documents\PHP_WebSites\codeigniter\ci411\system\Common.php(1217): CodeIgniter\View\View->render('Bobk\\airports\\v...', Array, true)
#2 C:\Users\bob\Documents\PHP_WebSites\codeigniter\ci411\Bobk\airports\controllers\Airports.php(227): view('Bobk\\airports\\v...', Array)
#3 C:\Users\bob\Documents\PHP_WebSites\codeigniter\ci411\system\CodeIgniter.php(936): Bobk\Airports\controllers\Airports->moduleTest()
#4 C:\Users\bob\Documents\PHP_WebSites\codeigniter\ci411\system\CodeIgniter.php(432): CodeIgniter\CodeIgniter->runController(Object(Bobk\Airports\controllers\Airports))
#5 C:\Users\bob\Documents\PHP_WebSites\codeigniter\ci411\system\CodeIgniter.php(333): CodeIgniter\CodeIgniter->handleRequest(NULL, Object(Config\Cache), false)
#6 C:\Users\bob\Documents\PHP_WebSites\codeigniter\ci411\public\index.php(44): CodeIgniter\CodeIgniter->run()
#7 {main}
CRITICAL - 2021-03-29 20:36:13 --> Invalid file: Bobk\airports\views\moduleTest.php
#0 C:\Users\bob\Documents\PHP_WebSites\codeigniter\ci411\system\View\View.php(205): CodeIgniter\Exceptions\FrameworkException::forInvalidFile('Bobk\\airports\\v...')
#1 C:\Users\bob\Documents\PHP_WebSites\codeigniter\ci411\system\Common.php(1217): CodeIgniter\View\View->render('Bobk\\airports\\v...', Array, true)
#2 C:\Users\bob\Documents\PHP_WebSites\codeigniter\ci411\Bobk\airports\controllers\Airports.php(229): view('Bobk\\airports\\v...', Array)
#3 C:\Users\bob\Documents\PHP_WebSites\codeigniter\ci411\system\CodeIgniter.php(936): Bobk\Airports\controllers\Airports->moduleTest()
#4 C:\Users\bob\Documents\PHP_WebSites\codeigniter\ci411\system\CodeIgniter.php(432): CodeIgniter\CodeIgniter->runController(Object(Bobk\Airports\controllers\Airports))
#5 C:\Users\bob\Documents\PHP_WebSites\codeigniter\ci411\system\CodeIgniter.php(333): CodeIgniter\CodeIgniter->handleRequest(NULL, Object(Config\Cache), false)
#6 C:\Users\bob\Documents\PHP_WebSites\codeigniter\ci411\public\index.php(44): CodeIgniter\CodeIgniter->run()
#7 {main}
CRITICAL - 2021-03-29 20:36:57 --> Invalid file: Bobk\airports\views\moduleTest.php
#0 C:\Users\bob\Documents\PHP_WebSites\codeigniter\ci411\system\View\View.php(205): CodeIgniter\Exceptions\FrameworkException::forInvalidFile('Bobk\\airports\\v...')
#1 C:\Users\bob\Documents\PHP_WebSites\codeigniter\ci411\system\Common.php(1217): CodeIgniter\View\View->render('Bobk\\airports\\v...', Array, true)
#2 C:\Users\bob\Documents\PHP_WebSites\codeigniter\ci411\Bobk\airports\controllers\Airports.php(229): view('Bobk\\airports\\v...', Array)
#3 C:\Users\bob\Documents\PHP_WebSites\codeigniter\ci411\system\CodeIgniter.php(936): Bobk\Airports\controllers\Airports->moduleTest()
#4 C:\Users\bob\Documents\PHP_WebSites\codeigniter\ci411\system\CodeIgniter.php(432): CodeIgniter\CodeIgniter->runController(Object(Bobk\Airports\controllers\Airports))
#5 C:\Users\bob\Documents\PHP_WebSites\codeigniter\ci411\system\CodeIgniter.php(333): CodeIgniter\CodeIgniter->handleRequest(NULL, Object(Config\Cache), false)
#6 C:\Users\bob\Documents\PHP_WebSites\codeigniter\ci411\public\index.php(44): CodeIgniter\CodeIgniter->run()
#7 {main}
CRITICAL - 2021-03-29 20:38:07 --> Invalid file: Bobk\airports\views\moduleTest.php
#0 C:\Users\bob\Documents\PHP_WebSites\codeigniter\ci411\system\View\View.php(205): CodeIgniter\Exceptions\FrameworkException::forInvalidFile('Bobk\\airports\\v...')
#1 C:\Users\bob\Documents\PHP_WebSites\codeigniter\ci411\system\Common.php(1217): CodeIgniter\View\View->render('Bobk\\airports\\v...', Array, true)
#2 C:\Users\bob\Documents\PHP_WebSites\codeigniter\ci411\Bobk\airports\controllers\Airports.php(229): view('Bobk\\airports\\v...', Array)
#3 C:\Users\bob\Documents\PHP_WebSites\codeigniter\ci411\system\CodeIgniter.php(936): Bobk\Airports\controllers\Airports->moduleTest()
#4 C:\Users\bob\Documents\PHP_WebSites\codeigniter\ci411\system\CodeIgniter.php(432): CodeIgniter\CodeIgniter->runController(Object(Bobk\Airports\controllers\Airports))
#5 C:\Users\bob\Documents\PHP_WebSites\codeigniter\ci411\system\CodeIgniter.php(333): CodeIgniter\CodeIgniter->handleRequest(NULL, Object(Config\Cache), false)
#6 C:\Users\bob\Documents\PHP_WebSites\codeigniter\ci411\public\index.php(44): CodeIgniter\CodeIgniter->run()
#7 {main}
CRITICAL - 2021-03-29 22:34:35 --> Undefined variable: title
#0 C:\Users\bob\Documents\PHP_WebSites\codeigniter\ci411\Example\Blog\Views\BlogView.php(5): CodeIgniter\Debug\Exceptions->errorHandler(8, 'Undefined varia...', 'C:\\Users\\bob\\Do...', 5, Array)
#1 C:\Users\bob\Documents\PHP_WebSites\codeigniter\ci411\system\View\View.php(222): include('C:\\Users\\bob\\Do...')
#2 C:\Users\bob\Documents\PHP_WebSites\codeigniter\ci411\system\View\View.php(224): CodeIgniter\View\View->CodeIgniter\View\{closure}()
#3 C:\Users\bob\Documents\PHP_WebSites\codeigniter\ci411\system\Common.php(1217): CodeIgniter\View\View->render('Example\\Blog\\Vi...', Array, true)
#4 C:\Users\bob\Documents\PHP_WebSites\codeigniter\ci411\Bobk\airports\controllers\Airports.php(234): view('Example\\Blog\\Vi...')
#5 C:\Users\bob\Documents\PHP_WebSites\codeigniter\ci411\system\CodeIgniter.php(936): Bobk\Airports\controllers\Airports->testNSView()
#6 C:\Users\bob\Documents\PHP_WebSites\codeigniter\ci411\system\CodeIgniter.php(432): CodeIgniter\CodeIgniter->runController(Object(Bobk\Airports\controllers\Airports))
#7 C:\Users\bob\Documents\PHP_WebSites\codeigniter\ci411\system\CodeIgniter.php(333): CodeIgniter\CodeIgniter->handleRequest(NULL, Object(Config\Cache), false)
#8 C:\Users\bob\Documents\PHP_WebSites\codeigniter\ci411\public\index.php(44): CodeIgniter\CodeIgniter->run()
#9 {main}
CRITICAL - 2021-03-29 22:36:20 --> Invalid file: Bobk\airports\views\moduleTest.php
#0 C:\Users\bob\Documents\PHP_WebSites\codeigniter\ci411\system\View\View.php(205): CodeIgniter\Exceptions\FrameworkException::forInvalidFile('Bobk\\airports\\v...')
#1 C:\Users\bob\Documents\PHP_WebSites\codeigniter\ci411\system\Common.php(1217): CodeIgniter\View\View->render('Bobk\\airports\\v...', Array, true)
#2 C:\Users\bob\Documents\PHP_WebSites\codeigniter\ci411\Bobk\airports\controllers\Airports.php(227): view('Bobk\\airports\\v...', Array)
#3 C:\Users\bob\Documents\PHP_WebSites\codeigniter\ci411\system\CodeIgniter.php(936): Bobk\Airports\controllers\Airports->moduleTest()
#4 C:\Users\bob\Documents\PHP_WebSites\codeigniter\ci411\system\CodeIgniter.php(432): CodeIgniter\CodeIgniter->runController(Object(Bobk\Airports\controllers\Airports))
#5 C:\Users\bob\Documents\PHP_WebSites\codeigniter\ci411\system\CodeIgniter.php(333): CodeIgniter\CodeIgniter->handleRequest(NULL, Object(Config\Cache), false)
#6 C:\Users\bob\Documents\PHP_WebSites\codeigniter\ci411\public\index.php(44): CodeIgniter\CodeIgniter->run()
#7 {main}
CRITICAL - 2021-03-29 22:37:21 --> Invalid file: Bobk\Airports\views\moduleTest.php
#0 C:\Users\bob\Documents\PHP_WebSites\codeigniter\ci411\system\View\View.php(205): CodeIgniter\Exceptions\FrameworkException::forInvalidFile('Bobk\\Airports\\v...')
#1 C:\Users\bob\Documents\PHP_WebSites\codeigniter\ci411\system\Common.php(1217): CodeIgniter\View\View->render('Bobk\\Airports\\v...', Array, true)
#2 C:\Users\bob\Documents\PHP_WebSites\codeigniter\ci411\Bobk\airports\controllers\Airports.php(227): view('Bobk\\Airports\\v...', Array)
#3 C:\Users\bob\Documents\PHP_WebSites\codeigniter\ci411\system\CodeIgniter.php(936): Bobk\Airports\controllers\Airports->moduleTest()
#4 C:\Users\bob\Documents\PHP_WebSites\codeigniter\ci411\system\CodeIgniter.php(432): CodeIgniter\CodeIgniter->runController(Object(Bobk\Airports\controllers\Airports))
#5 C:\Users\bob\Documents\PHP_WebSites\codeigniter\ci411\system\CodeIgniter.php(333): CodeIgniter\CodeIgniter->handleRequest(NULL, Object(Config\Cache), false)
#6 C:\Users\bob\Documents\PHP_WebSites\codeigniter\ci411\public\index.php(44): CodeIgniter\CodeIgniter->run()
#7 {main}
CRITICAL - 2021-03-29 22:37:29 --> Invalid file: Bobk\Airports\views\moduleTest.php
#0 C:\Users\bob\Documents\PHP_WebSites\codeigniter\ci411\system\View\View.php(205): CodeIgniter\Exceptions\FrameworkException::forInvalidFile('Bobk\\Airports\\v...')
#1 C:\Users\bob\Documents\PHP_WebSites\codeigniter\ci411\system\Common.php(1217): CodeIgniter\View\View->render('Bobk\\Airports\\v...', Array, true)
#2 C:\Users\bob\Documents\PHP_WebSites\codeigniter\ci411\Bobk\airports\controllers\Airports.php(227): view('Bobk\\Airports\\v...', Array)
#3 C:\Users\bob\Documents\PHP_WebSites\codeigniter\ci411\system\CodeIgniter.php(936): Bobk\Airports\controllers\Airports->moduleTest()
#4 C:\Users\bob\Documents\PHP_WebSites\codeigniter\ci411\system\CodeIgniter.php(432): CodeIgniter\CodeIgniter->runController(Object(Bobk\Airports\controllers\Airports))
#5 C:\Users\bob\Documents\PHP_WebSites\codeigniter\ci411\system\CodeIgniter.php(333): CodeIgniter\CodeIgniter->handleRequest(NULL, Object(Config\Cache), false)
#6 C:\Users\bob\Documents\PHP_WebSites\codeigniter\ci411\public\index.php(44): CodeIgniter\CodeIgniter->run()
#7 {main}
CRITICAL - 2021-03-29 22:37:42 --> Invalid file: Bobk\airports\views\moduleTest.php
#0 C:\Users\bob\Documents\PHP_WebSites\codeigniter\ci411\system\View\View.php(205): CodeIgniter\Exceptions\FrameworkException::forInvalidFile('Bobk\\airports\\v...')
#1 C:\Users\bob\Documents\PHP_WebSites\codeigniter\ci411\system\Common.php(1217): CodeIgniter\View\View->render('Bobk\\airports\\v...', Array, true)
#2 C:\Users\bob\Documents\PHP_WebSites\codeigniter\ci411\Bobk\airports\controllers\Airports.php(227): view('Bobk\\airports\\v...', Array)
#3 C:\Users\bob\Documents\PHP_WebSites\codeigniter\ci411\system\CodeIgniter.php(936): Bobk\Airports\controllers\Airports->moduleTest()
#4 C:\Users\bob\Documents\PHP_WebSites\codeigniter\ci411\system\CodeIgniter.php(432): CodeIgniter\CodeIgniter->runController(Object(Bobk\Airports\controllers\Airports))
#5 C:\Users\bob\Documents\PHP_WebSites\codeigniter\ci411\system\CodeIgniter.php(333): CodeIgniter\CodeIgniter->handleRequest(NULL, Object(Config\Cache), false)
#6 C:\Users\bob\Documents\PHP_WebSites\codeigniter\ci411\public\index.php(44): CodeIgniter\CodeIgniter->run()
#7 {main}
CRITICAL - 2021-03-29 22:39:50 --> Invalid file: Bobk\airports\views\moduleTest.php
#0 C:\Users\bob\Documents\PHP_WebSites\codeigniter\ci411\system\View\View.php(205): CodeIgniter\Exceptions\FrameworkException::forInvalidFile('Bobk\\airports\\v...')
#1 C:\Users\bob\Documents\PHP_WebSites\codeigniter\ci411\system\Common.php(1217): CodeIgniter\View\View->render('Bobk\\airports\\v...', Array, true)
#2 C:\Users\bob\Documents\PHP_WebSites\codeigniter\ci411\Bobk\airports\controllers\Airports.php(227): view('Bobk\\airports\\v...', Array)
#3 C:\Users\bob\Documents\PHP_WebSites\codeigniter\ci411\system\CodeIgniter.php(936): Bobk\Airports\controllers\Airports->moduleTest()
#4 C:\Users\bob\Documents\PHP_WebSites\codeigniter\ci411\system\CodeIgniter.php(432): CodeIgniter\CodeIgniter->runController(Object(Bobk\Airports\controllers\Airports))
#5 C:\Users\bob\Documents\PHP_WebSites\codeigniter\ci411\system\CodeIgniter.php(333): CodeIgniter\CodeIgniter->handleRequest(NULL, Object(Config\Cache), false)
#6 C:\Users\bob\Documents\PHP_WebSites\codeigniter\ci411\public\index.php(44): CodeIgniter\CodeIgniter->run()
#7 {main}
