CRITICAL - 2021-03-28 20:51:34 --> Class 'Bobk\BaseController' not found
#0 C:\Users\bob\Documents\PHP_WebSites\codeigniter\ci411\system\Autoloader\Autoloader.php(294): include_once()
#1 C:\Users\bob\Documents\PHP_WebSites\codeigniter\ci411\system\Autoloader\Autoloader.php(265): CodeIgniter\Autoloader\Autoloader->includeFile('C:\\Users\\bob\\Do...')
#2 C:\Users\bob\Documents\PHP_WebSites\codeigniter\ci411\system\Autoloader\Autoloader.php(228): CodeIgniter\Autoloader\Autoloader->loadInNamespace('Bobk\\airports\\C...')
#3 [internal function]: CodeIgniter\Autoloader\Autoloader->loadClass('Bobk\\airports\\C...')
#4 [internal function]: spl_autoload_call('Bobk\\airports\\C...')
#5 C:\Users\bob\Documents\PHP_WebSites\codeigniter\ci411\system\CodeIgniter.php(893): class_exists('\\Bobk\\airports\\...', true)
#6 C:\Users\bob\Documents\PHP_WebSites\codeigniter\ci411\system\CodeIgniter.php(417): CodeIgniter\CodeIgniter->startController()
#7 C:\Users\bob\Documents\PHP_WebSites\codeigniter\ci411\system\CodeIgniter.php(333): CodeIgniter\CodeIgniter->handleRequest(NULL, Object(Config\Cache), false)
#8 C:\Users\bob\Documents\PHP_WebSites\codeigniter\ci411\public\index.php(44): CodeIgniter\CodeIgniter->run()
#9 {main}
CRITICAL - 2021-03-28 20:53:06 --> Class 'Bobk\Controller' not found
#0 C:\Users\bob\Documents\PHP_WebSites\codeigniter\ci411\system\Autoloader\Autoloader.php(294): include_once()
#1 C:\Users\bob\Documents\PHP_WebSites\codeigniter\ci411\system\Autoloader\Autoloader.php(265): CodeIgniter\Autoloader\Autoloader->includeFile('C:\\Users\\bob\\Do...')
#2 C:\Users\bob\Documents\PHP_WebSites\codeigniter\ci411\system\Autoloader\Autoloader.php(228): CodeIgniter\Autoloader\Autoloader->loadInNamespace('Bobk\\airports\\C...')
#3 [internal function]: CodeIgniter\Autoloader\Autoloader->loadClass('Bobk\\airports\\C...')
#4 [internal function]: spl_autoload_call('Bobk\\airports\\C...')
#5 C:\Users\bob\Documents\PHP_WebSites\codeigniter\ci411\system\CodeIgniter.php(893): class_exists('\\Bobk\\airports\\...', true)
#6 C:\Users\bob\Documents\PHP_WebSites\codeigniter\ci411\system\CodeIgniter.php(417): CodeIgniter\CodeIgniter->startController()
#7 C:\Users\bob\Documents\PHP_WebSites\codeigniter\ci411\system\CodeIgniter.php(333): CodeIgniter\CodeIgniter->handleRequest(NULL, Object(Config\Cache), false)
#8 C:\Users\bob\Documents\PHP_WebSites\codeigniter\ci411\public\index.php(44): CodeIgniter\CodeIgniter->run()
#9 {main}
CRITICAL - 2021-03-28 23:31:54 --> Class 'Bobk\Controller' not found
#0 C:\Users\bob\Documents\PHP_WebSites\codeigniter\ci411\system\Autoloader\Autoloader.php(294): include_once()
#1 C:\Users\bob\Documents\PHP_WebSites\codeigniter\ci411\system\Autoloader\Autoloader.php(265): CodeIgniter\Autoloader\Autoloader->includeFile('C:\\Users\\bob\\Do...')
#2 C:\Users\bob\Documents\PHP_WebSites\codeigniter\ci411\system\Autoloader\Autoloader.php(228): CodeIgniter\Autoloader\Autoloader->loadInNamespace('Bobk\\airports\\C...')
#3 [internal function]: CodeIgniter\Autoloader\Autoloader->loadClass('Bobk\\airports\\C...')
#4 [internal function]: spl_autoload_call('Bobk\\airports\\C...')
#5 C:\Users\bob\Documents\PHP_WebSites\codeigniter\ci411\system\CodeIgniter.php(893): class_exists('\\Bobk\\airports\\...', true)
#6 C:\Users\bob\Documents\PHP_WebSites\codeigniter\ci411\system\CodeIgniter.php(417): CodeIgniter\CodeIgniter->startController()
#7 C:\Users\bob\Documents\PHP_WebSites\codeigniter\ci411\system\CodeIgniter.php(333): CodeIgniter\CodeIgniter->handleRequest(NULL, Object(Config\Cache), false)
#8 C:\Users\bob\Documents\PHP_WebSites\codeigniter\ci411\public\index.php(44): CodeIgniter\CodeIgniter->run()
#9 {main}
CRITICAL - 2021-03-28 23:32:52 --> Class 'Bobk\CodeIgniter\Controller' not found
#0 C:\Users\bob\Documents\PHP_WebSites\codeigniter\ci411\system\Autoloader\Autoloader.php(294): include_once()
#1 C:\Users\bob\Documents\PHP_WebSites\codeigniter\ci411\system\Autoloader\Autoloader.php(265): CodeIgniter\Autoloader\Autoloader->includeFile('C:\\Users\\bob\\Do...')
#2 C:\Users\bob\Documents\PHP_WebSites\codeigniter\ci411\system\Autoloader\Autoloader.php(228): CodeIgniter\Autoloader\Autoloader->loadInNamespace('Bobk\\airports\\C...')
#3 [internal function]: CodeIgniter\Autoloader\Autoloader->loadClass('Bobk\\airports\\C...')
#4 [internal function]: spl_autoload_call('Bobk\\airports\\C...')
#5 C:\Users\bob\Documents\PHP_WebSites\codeigniter\ci411\system\CodeIgniter.php(893): class_exists('\\Bobk\\airports\\...', true)
#6 C:\Users\bob\Documents\PHP_WebSites\codeigniter\ci411\system\CodeIgniter.php(417): CodeIgniter\CodeIgniter->startController()
#7 C:\Users\bob\Documents\PHP_WebSites\codeigniter\ci411\system\CodeIgniter.php(333): CodeIgniter\CodeIgniter->handleRequest(NULL, Object(Config\Cache), false)
#8 C:\Users\bob\Documents\PHP_WebSites\codeigniter\ci411\public\index.php(44): CodeIgniter\CodeIgniter->run()
#9 {main}
CRITICAL - 2021-03-28 23:41:16 --> Cannot call constructor
#0 C:\Users\bob\Documents\PHP_WebSites\codeigniter\ci411\system\CodeIgniter.php(908): Bobk\Airports\controllers\Airports->__construct()
#1 C:\Users\bob\Documents\PHP_WebSites\codeigniter\ci411\system\CodeIgniter.php(422): CodeIgniter\CodeIgniter->createController()
#2 C:\Users\bob\Documents\PHP_WebSites\codeigniter\ci411\system\CodeIgniter.php(333): CodeIgniter\CodeIgniter->handleRequest(NULL, Object(Config\Cache), false)
#3 C:\Users\bob\Documents\PHP_WebSites\codeigniter\ci411\public\index.php(44): CodeIgniter\CodeIgniter->run()
#4 {main}
CRITICAL - 2021-03-28 23:43:18 --> Cannot call constructor
#0 C:\Users\bob\Documents\PHP_WebSites\codeigniter\ci411\system\CodeIgniter.php(908): Bobk\Airports\controllers\Airports->__construct()
#1 C:\Users\bob\Documents\PHP_WebSites\codeigniter\ci411\system\CodeIgniter.php(422): CodeIgniter\CodeIgniter->createController()
#2 C:\Users\bob\Documents\PHP_WebSites\codeigniter\ci411\system\CodeIgniter.php(333): CodeIgniter\CodeIgniter->handleRequest(NULL, Object(Config\Cache), false)
#3 C:\Users\bob\Documents\PHP_WebSites\codeigniter\ci411\public\index.php(44): CodeIgniter\CodeIgniter->run()
#4 {main}
CRITICAL - 2021-03-28 23:43:56 --> Cannot call constructor
#0 C:\Users\bob\Documents\PHP_WebSites\codeigniter\ci411\system\CodeIgniter.php(908): Bobk\Airports\controllers\Airports->__construct()
#1 C:\Users\bob\Documents\PHP_WebSites\codeigniter\ci411\system\CodeIgniter.php(422): CodeIgniter\CodeIgniter->createController()
#2 C:\Users\bob\Documents\PHP_WebSites\codeigniter\ci411\system\CodeIgniter.php(333): CodeIgniter\CodeIgniter->handleRequest(NULL, Object(Config\Cache), false)
#3 C:\Users\bob\Documents\PHP_WebSites\codeigniter\ci411\public\index.php(44): CodeIgniter\CodeIgniter->run()
#4 {main}
CRITICAL - 2021-03-28 23:44:13 --> Cannot call constructor
#0 C:\Users\bob\Documents\PHP_WebSites\codeigniter\ci411\system\CodeIgniter.php(908): Bobk\Airports\controllers\Airports->__construct()
#1 C:\Users\bob\Documents\PHP_WebSites\codeigniter\ci411\system\CodeIgniter.php(422): CodeIgniter\CodeIgniter->createController()
#2 C:\Users\bob\Documents\PHP_WebSites\codeigniter\ci411\system\CodeIgniter.php(333): CodeIgniter\CodeIgniter->handleRequest(NULL, Object(Config\Cache), false)
#3 C:\Users\bob\Documents\PHP_WebSites\codeigniter\ci411\public\index.php(44): CodeIgniter\CodeIgniter->run()
#4 {main}
CRITICAL - 2021-03-28 23:44:30 --> Cannot call constructor
#0 C:\Users\bob\Documents\PHP_WebSites\codeigniter\ci411\system\CodeIgniter.php(908): Bobk\Airports\controllers\Airports->__construct()
#1 C:\Users\bob\Documents\PHP_WebSites\codeigniter\ci411\system\CodeIgniter.php(422): CodeIgniter\CodeIgniter->createController()
#2 C:\Users\bob\Documents\PHP_WebSites\codeigniter\ci411\system\CodeIgniter.php(333): CodeIgniter\CodeIgniter->handleRequest(NULL, Object(Config\Cache), false)
#3 C:\Users\bob\Documents\PHP_WebSites\codeigniter\ci411\public\index.php(44): CodeIgniter\CodeIgniter->run()
#4 {main}
CRITICAL - 2021-03-28 23:45:04 --> Undefined property: Bobk\Airports\controllers\Airports::$load
#0 C:\Users\bob\Documents\PHP_WebSites\codeigniter\ci411\Bobk\airports\controllers\Airports.php(73): CodeIgniter\Debug\Exceptions->errorHandler(8, 'Undefined prope...', 'C:\\Users\\bob\\Do...', 73, Array)
#1 C:\Users\bob\Documents\PHP_WebSites\codeigniter\ci411\system\CodeIgniter.php(936): Bobk\Airports\controllers\Airports->index()
#2 C:\Users\bob\Documents\PHP_WebSites\codeigniter\ci411\system\CodeIgniter.php(432): CodeIgniter\CodeIgniter->runController(Object(Bobk\Airports\controllers\Airports))
#3 C:\Users\bob\Documents\PHP_WebSites\codeigniter\ci411\system\CodeIgniter.php(333): CodeIgniter\CodeIgniter->handleRequest(NULL, Object(Config\Cache), false)
#4 C:\Users\bob\Documents\PHP_WebSites\codeigniter\ci411\public\index.php(44): CodeIgniter\CodeIgniter->run()
#5 {main}
CRITICAL - 2021-03-28 23:46:33 --> Undefined property: Bobk\Airports\controllers\Airports::$Airport_model
#0 C:\Users\bob\Documents\PHP_WebSites\codeigniter\ci411\Bobk\airports\controllers\Airports.php(85): CodeIgniter\Debug\Exceptions->errorHandler(8, 'Undefined prope...', 'C:\\Users\\bob\\Do...', 85, Array)
#1 C:\Users\bob\Documents\PHP_WebSites\codeigniter\ci411\system\CodeIgniter.php(936): Bobk\Airports\controllers\Airports->index()
#2 C:\Users\bob\Documents\PHP_WebSites\codeigniter\ci411\system\CodeIgniter.php(432): CodeIgniter\CodeIgniter->runController(Object(Bobk\Airports\controllers\Airports))
#3 C:\Users\bob\Documents\PHP_WebSites\codeigniter\ci411\system\CodeIgniter.php(333): CodeIgniter\CodeIgniter->handleRequest(NULL, Object(Config\Cache), false)
#4 C:\Users\bob\Documents\PHP_WebSites\codeigniter\ci411\public\index.php(44): CodeIgniter\CodeIgniter->run()
#5 {main}
CRITICAL - 2021-03-28 23:47:00 --> Undefined property: Bobk\Airports\controllers\Airports::$Airport_model
#0 C:\Users\bob\Documents\PHP_WebSites\codeigniter\ci411\Bobk\airports\controllers\Airports.php(85): CodeIgniter\Debug\Exceptions->errorHandler(8, 'Undefined prope...', 'C:\\Users\\bob\\Do...', 85, Array)
#1 C:\Users\bob\Documents\PHP_WebSites\codeigniter\ci411\system\CodeIgniter.php(936): Bobk\Airports\controllers\Airports->index()
#2 C:\Users\bob\Documents\PHP_WebSites\codeigniter\ci411\system\CodeIgniter.php(432): CodeIgniter\CodeIgniter->runController(Object(Bobk\Airports\controllers\Airports))
#3 C:\Users\bob\Documents\PHP_WebSites\codeigniter\ci411\system\CodeIgniter.php(333): CodeIgniter\CodeIgniter->handleRequest(NULL, Object(Config\Cache), false)
#4 C:\Users\bob\Documents\PHP_WebSites\codeigniter\ci411\public\index.php(44): CodeIgniter\CodeIgniter->run()
#5 {main}
